<?xml version="1.0" encoding="UTF-8"?>
<testsuites>
  <testsuite name="fastlane.lanes">
    
    
    
      
      <testcase classname="fastlane.lanes" name="0: Verifying required fastlane version" time="0.001150152">
        
      </testcase>
    
      
      <testcase classname="fastlane.lanes" name="1: default_platform" time="0.000837268">
        
      </testcase>
    
      
      <testcase classname="fastlane.lanes" name="2: gradle" time="15.763614905">
        
          <failure message="/home/moriagape/.rvm/gems/ruby-2.1.2/gems/fastlane-2.61.0/fastlane/lib/fastlane/actions/actions_helper.rb:48:in `execute_action'&#10;/home/moriagape/.rvm/gems/ruby-2.1.2/gems/fastlane-2.61.0/fastlane/lib/fastlane/runner.rb:230:in `block in execute_action'&#10;/home/moriagape/.rvm/gems/ruby-2.1.2/gems/fastlane-2.61.0/fastlane/lib/fastlane/runner.rb:226:in `chdir'&#10;/home/moriagape/.rvm/gems/ruby-2.1.2/gems/fastlane-2.61.0/fastlane/lib/fastlane/runner.rb:226:in `execute_action'&#10;/home/moriagape/.rvm/gems/ruby-2.1.2/gems/fastlane-2.61.0/fastlane/lib/fastlane/runner.rb:148:in `trigger_action_by_name'&#10;/home/moriagape/.rvm/gems/ruby-2.1.2/gems/fastlane-2.61.0/fastlane/lib/fastlane/fast_file.rb:146:in `method_missing'&#10;Fastfile:30:in `block (2 levels) in parsing_binding'&#10;/home/moriagape/.rvm/gems/ruby-2.1.2/gems/fastlane-2.61.0/fastlane/lib/fastlane/lane.rb:33:in `call'&#10;/home/moriagape/.rvm/gems/ruby-2.1.2/gems/fastlane-2.61.0/fastlane/lib/fastlane/lane.rb:33:in `call'&#10;/home/moriagape/.rvm/gems/ruby-2.1.2/gems/fastlane-2.61.0/fastlane/lib/fastlane/runner.rb:49:in `block in execute'&#10;/home/moriagape/.rvm/gems/ruby-2.1.2/gems/fastlane-2.61.0/fastlane/lib/fastlane/runner.rb:45:in `chdir'&#10;/home/moriagape/.rvm/gems/ruby-2.1.2/gems/fastlane-2.61.0/fastlane/lib/fastlane/runner.rb:45:in `execute'&#10;/home/moriagape/.rvm/gems/ruby-2.1.2/gems/fastlane-2.61.0/fastlane/lib/fastlane/lane_manager.rb:52:in `cruise_lane'&#10;/home/moriagape/.rvm/gems/ruby-2.1.2/gems/fastlane-2.61.0/fastlane/lib/fastlane/command_line_handler.rb:30:in `handle'&#10;/home/moriagape/.rvm/gems/ruby-2.1.2/gems/fastlane-2.61.0/fastlane/lib/fastlane/commands_generator.rb:104:in `block (2 levels) in run'&#10;/home/moriagape/.rvm/gems/ruby-2.1.2/gems/commander-fastlane-4.4.5/lib/commander/command.rb:178:in `call'&#10;/home/moriagape/.rvm/gems/ruby-2.1.2/gems/commander-fastlane-4.4.5/lib/commander/command.rb:178:in `call'&#10;/home/moriagape/.rvm/gems/ruby-2.1.2/gems/commander-fastlane-4.4.5/lib/commander/command.rb:153:in `run'&#10;/home/moriagape/.rvm/gems/ruby-2.1.2/gems/commander-fastlane-4.4.5/lib/commander/runner.rb:476:in `run_active_command'&#10;/home/moriagape/.rvm/gems/ruby-2.1.2/gems/fastlane-2.61.0/fastlane_core/lib/fastlane_core/ui/fastlane_runner.rb:64:in `run!'&#10;/home/moriagape/.rvm/gems/ruby-2.1.2/gems/commander-fastlane-4.4.5/lib/commander/delegates.rb:15:in `run!'&#10;/home/moriagape/.rvm/gems/ruby-2.1.2/gems/fastlane-2.61.0/fastlane/lib/fastlane/commands_generator.rb:303:in `run'&#10;/home/moriagape/.rvm/gems/ruby-2.1.2/gems/fastlane-2.61.0/fastlane/lib/fastlane/commands_generator.rb:42:in `start'&#10;/home/moriagape/.rvm/gems/ruby-2.1.2/gems/fastlane-2.61.0/fastlane/lib/fastlane/cli_tools_distributor.rb:66:in `take_off'&#10;/home/moriagape/.rvm/gems/ruby-2.1.2/gems/fastlane-2.61.0/bin/fastlane:20:in `&lt;top (required)&gt;'&#10;/home/moriagape/.rvm/gems/ruby-2.1.2/bin/fastlane:23:in `load'&#10;/home/moriagape/.rvm/gems/ruby-2.1.2/bin/fastlane:23:in `&lt;main&gt;'&#10;/home/moriagape/.rvm/gems/ruby-2.1.2/bin/ruby_executable_hooks:15:in `eval'&#10;/home/moriagape/.rvm/gems/ruby-2.1.2/bin/ruby_executable_hooks:15:in `&lt;main&gt;'&#10;&#10;Exit status of command '/home/moriagape/Tokens/android/gradlew assembleRelease -p .' was 1 instead of 0.&#10;Starting a new Gradle Daemon for this build (subsequent builds will be faster).&#10;Incremental java compilation is an incubating feature.&#10;:app:exponentPrebuildStepcat: /home/moriagape/.expo/PATH: No such file or directory&#10;./.expo-source/android/detach-scripts/prepare-detached-build.sh: line 4: exp: command not found&#10; FAILED&#10;&#10;FAILURE: Build failed with an exception.&#10;&#10;* What went wrong:&#10;Execution failed for task ':app:exponentPrebuildStep'.&#10;&gt; Process 'command './.expo-source/android/detach-scripts/prepare-detached-build.sh'' finished with non-zero exit value 127&#10;&#10;* Try:&#10;Run with --stacktrace option to get the stack trace. Run with --info or --debug option to get more log output.&#10;&#10;BUILD FAILED&#10;&#10;Total time: 14.906 secs&#10;" />
        
      </testcase>
    
  </testsuite>
</testsuites>
